<?xml version="1.0" encoding="UTF-8"?>
<!-- Generated by org.testng.reporters.JUnitReportReporter -->
<testsuite hostname="USER-PC" name="TestCases.LoginTest" tests="4" failures="0" timestamp="19 Sep 2019 17:47:42 GMT" time="122.841" errors="0">
  <testcase name="loginCRM1" time="32.335" classname="TestCases.LoginTest"/>
  <testcase name="loginCRM2" time="29.649" classname="TestCases.LoginTest"/>
  <testcase name="loginCRM" time="30.895" classname="TestCases.LoginTest"/>
  <testcase name="loginCRM" time="29.962" classname="TestCases.LoginTest"/>
</testsuite> <!-- TestCases.LoginTest -->
