<?xml version="1.0" encoding="UTF-8"?>
<!-- Generated by org.testng.reporters.JUnitReportReporter -->
<testsuite hostname="USER-PC" name="TestPages.LoginPage" tests="1" failures="0" timestamp="19 Sep 2019 17:32:31 GMT" time="22.619" errors="0">
  <testcase name="main" time="22.619" classname="TestPages.LoginPage"/>
</testsuite> <!-- TestPages.LoginPage -->
