<?xml version="1.0" encoding="UTF-8"?>
<!-- Generated by org.testng.reporters.JUnitReportReporter -->
<testsuite hostname="USER-PC" name="testme.B" tests="1" failures="0" timestamp="19 Sep 2019 17:36:22 GMT" time="21.847" errors="0">
  <testcase name="show" time="21.847" classname="testme.B"/>
</testsuite> <!-- testme.B -->
